2021-11-11 18:37:08,922 DEBUG scheduler Queued events for site erpnextuse.case
2021-11-11 18:39:00,977 DEBUG scheduler Queued events for site erpnextuse.case
2021-11-11 18:40:01,945 INFO scheduler Scheduled Job Start: erpnext.crm.doctype.social_media_post.social_media_post.process_scheduled_social_media_posts for erpnextuse.case
2021-11-11 18:40:02,064 DEBUG scheduler Queued events for site erpnextuse.case
2021-11-11 18:40:02,495 INFO scheduler Scheduled Job Complete: erpnext.crm.doctype.social_media_post.social_media_post.process_scheduled_social_media_posts for erpnextuse.case
2021-11-11 18:40:02,578 INFO scheduler Scheduled Job Start: erpnext.hr.doctype.interview.interview.send_interview_reminder for erpnextuse.case
2021-11-11 18:40:02,957 INFO scheduler Scheduled Job Complete: erpnext.hr.doctype.interview.interview.send_interview_reminder for erpnextuse.case
2021-11-11 18:40:03,048 INFO scheduler Scheduled Job Start: erpnext.healthcare.doctype.patient_appointment.patient_appointment.send_appointment_reminder for erpnextuse.case
2021-11-11 18:40:03,435 INFO scheduler Scheduled Job Complete: erpnext.healthcare.doctype.patient_appointment.patient_appointment.send_appointment_reminder for erpnextuse.case
2021-11-11 18:40:03,515 INFO scheduler Scheduled Job Start: erpnext.projects.doctype.project.project.project_status_update_reminder for erpnextuse.case
2021-11-11 18:40:03,912 INFO scheduler Scheduled Job Complete: erpnext.projects.doctype.project.project.project_status_update_reminder for erpnextuse.case
2021-11-11 18:40:03,988 INFO scheduler Scheduled Job Start: frappe.monitor.flush for erpnextuse.case
2021-11-11 18:40:04,218 INFO scheduler Scheduled Job Complete: frappe.monitor.flush for erpnextuse.case
2021-11-11 18:40:04,315 INFO scheduler Scheduled Job Start: frappe.utils.global_search.sync_global_search for erpnextuse.case
2021-11-11 18:40:04,517 INFO scheduler Scheduled Job Complete: frappe.utils.global_search.sync_global_search for erpnextuse.case
2021-11-11 18:40:04,605 INFO scheduler Scheduled Job Start: frappe.integrations.doctype.razorpay_settings.razorpay_settings.capture_payment for erpnextuse.case
2021-11-11 18:40:05,152 INFO scheduler Scheduled Job Complete: frappe.integrations.doctype.razorpay_settings.razorpay_settings.capture_payment for erpnextuse.case
2021-11-11 18:40:05,251 INFO scheduler Scheduled Job Start: frappe.email.doctype.email_account.email_account.notify_unreplied for erpnextuse.case
2021-11-11 18:40:05,866 INFO scheduler Scheduled Job Complete: frappe.email.doctype.email_account.email_account.notify_unreplied for erpnextuse.case
2021-11-11 18:40:06,001 INFO scheduler Scheduled Job Start: frappe.email.doctype.email_account.email_account.pull for erpnextuse.case
2021-11-11 18:40:06,433 INFO scheduler Scheduled Job Complete: frappe.email.doctype.email_account.email_account.pull for erpnextuse.case
2021-11-11 18:40:06,522 INFO scheduler Scheduled Job Start: frappe.email.queue.flush for erpnextuse.case
2021-11-11 18:40:06,799 INFO scheduler Scheduled Job Complete: frappe.email.queue.flush for erpnextuse.case
2021-11-11 18:41:02,603 DEBUG scheduler Queued events for site erpnextuse.case
2021-11-11 18:42:03,123 DEBUG scheduler Queued events for site erpnextuse.case
2021-11-11 18:43:03,729 DEBUG scheduler Queued events for site erpnextuse.case
2021-11-11 18:44:04,205 INFO scheduler Scheduled Job Start: erpnext.crm.doctype.social_media_post.social_media_post.process_scheduled_social_media_posts for erpnextuse.case
2021-11-11 18:44:04,332 DEBUG scheduler Queued events for site erpnextuse.case
2021-11-11 18:44:04,557 INFO scheduler Scheduled Job Complete: erpnext.crm.doctype.social_media_post.social_media_post.process_scheduled_social_media_posts for erpnextuse.case
2021-11-11 18:44:04,646 INFO scheduler Scheduled Job Start: erpnext.hr.doctype.interview.interview.send_interview_reminder for erpnextuse.case
2021-11-11 18:44:04,912 INFO scheduler Scheduled Job Complete: erpnext.hr.doctype.interview.interview.send_interview_reminder for erpnextuse.case
2021-11-11 18:44:04,990 INFO scheduler Scheduled Job Start: erpnext.healthcare.doctype.patient_appointment.patient_appointment.send_appointment_reminder for erpnextuse.case
2021-11-11 18:44:05,223 INFO scheduler Scheduled Job Complete: erpnext.healthcare.doctype.patient_appointment.patient_appointment.send_appointment_reminder for erpnextuse.case
2021-11-11 18:44:05,319 INFO scheduler Scheduled Job Start: erpnext.projects.doctype.project.project.project_status_update_reminder for erpnextuse.case
2021-11-11 18:44:05,693 INFO scheduler Scheduled Job Complete: erpnext.projects.doctype.project.project.project_status_update_reminder for erpnextuse.case
2021-11-11 18:44:05,786 INFO scheduler Scheduled Job Start: frappe.monitor.flush for erpnextuse.case
2021-11-11 18:44:06,040 INFO scheduler Scheduled Job Complete: frappe.monitor.flush for erpnextuse.case
2021-11-11 18:44:06,118 INFO scheduler Scheduled Job Start: frappe.utils.global_search.sync_global_search for erpnextuse.case
2021-11-11 18:44:06,335 INFO scheduler Scheduled Job Complete: frappe.utils.global_search.sync_global_search for erpnextuse.case
2021-11-11 18:44:06,418 INFO scheduler Scheduled Job Start: frappe.integrations.doctype.razorpay_settings.razorpay_settings.capture_payment for erpnextuse.case
2021-11-11 18:44:06,716 INFO scheduler Scheduled Job Complete: frappe.integrations.doctype.razorpay_settings.razorpay_settings.capture_payment for erpnextuse.case
2021-11-11 18:44:06,797 INFO scheduler Scheduled Job Start: frappe.email.doctype.email_account.email_account.notify_unreplied for erpnextuse.case
2021-11-11 18:44:07,084 INFO scheduler Scheduled Job Complete: frappe.email.doctype.email_account.email_account.notify_unreplied for erpnextuse.case
2021-11-11 18:44:07,172 INFO scheduler Scheduled Job Start: frappe.email.doctype.email_account.email_account.pull for erpnextuse.case
2021-11-11 18:44:07,487 INFO scheduler Scheduled Job Complete: frappe.email.doctype.email_account.email_account.pull for erpnextuse.case
2021-11-11 18:44:07,586 INFO scheduler Scheduled Job Start: frappe.email.queue.flush for erpnextuse.case
2021-11-11 18:44:07,835 INFO scheduler Scheduled Job Complete: frappe.email.queue.flush for erpnextuse.case
2021-11-11 18:45:04,951 DEBUG scheduler Queued events for site erpnextuse.case
2021-11-11 18:45:05,042 INFO scheduler Scheduled Job Start: frappe.twofactor.delete_all_barcodes_for_users for erpnextuse.case
2021-11-11 18:45:05,609 INFO scheduler Scheduled Job Complete: frappe.twofactor.delete_all_barcodes_for_users for erpnextuse.case
2021-11-11 18:45:05,695 INFO scheduler Scheduled Job Start: frappe.website.doctype.web_page.web_page.check_publish_status for erpnextuse.case
2021-11-11 18:45:06,211 INFO scheduler Scheduled Job Complete: frappe.website.doctype.web_page.web_page.check_publish_status for erpnextuse.case
2021-11-11 18:45:06,295 INFO scheduler Scheduled Job Start: frappe.oauth.delete_oauth2_data for erpnextuse.case
2021-11-11 18:45:06,682 INFO scheduler Scheduled Job Complete: frappe.oauth.delete_oauth2_data for erpnextuse.case
2021-11-11 18:46:05,495 DEBUG scheduler Queued events for site erpnextuse.case
2021-11-11 18:47:06,008 DEBUG scheduler Queued events for site erpnextuse.case
2021-11-11 18:48:06,463 INFO scheduler Scheduled Job Start: erpnext.crm.doctype.social_media_post.social_media_post.process_scheduled_social_media_posts for erpnextuse.case
2021-11-11 18:48:06,559 DEBUG scheduler Queued events for site erpnextuse.case
2021-11-11 18:48:06,725 INFO scheduler Scheduled Job Complete: erpnext.crm.doctype.social_media_post.social_media_post.process_scheduled_social_media_posts for erpnextuse.case
2021-11-11 18:48:06,817 INFO scheduler Scheduled Job Start: erpnext.hr.doctype.interview.interview.send_interview_reminder for erpnextuse.case
2021-11-11 18:48:07,159 INFO scheduler Scheduled Job Complete: erpnext.hr.doctype.interview.interview.send_interview_reminder for erpnextuse.case
2021-11-11 18:48:07,261 INFO scheduler Scheduled Job Start: erpnext.healthcare.doctype.patient_appointment.patient_appointment.send_appointment_reminder for erpnextuse.case
2021-11-11 18:48:07,528 INFO scheduler Scheduled Job Complete: erpnext.healthcare.doctype.patient_appointment.patient_appointment.send_appointment_reminder for erpnextuse.case
2021-11-11 18:48:07,650 INFO scheduler Scheduled Job Start: erpnext.projects.doctype.project.project.project_status_update_reminder for erpnextuse.case
2021-11-11 18:48:08,091 INFO scheduler Scheduled Job Complete: erpnext.projects.doctype.project.project.project_status_update_reminder for erpnextuse.case
2021-11-11 18:48:08,179 INFO scheduler Scheduled Job Start: frappe.monitor.flush for erpnextuse.case
2021-11-11 18:48:08,408 INFO scheduler Scheduled Job Complete: frappe.monitor.flush for erpnextuse.case
2021-11-11 18:48:08,498 INFO scheduler Scheduled Job Start: frappe.utils.global_search.sync_global_search for erpnextuse.case
2021-11-11 18:48:08,704 INFO scheduler Scheduled Job Complete: frappe.utils.global_search.sync_global_search for erpnextuse.case
2021-11-11 18:48:08,803 INFO scheduler Scheduled Job Start: frappe.integrations.doctype.razorpay_settings.razorpay_settings.capture_payment for erpnextuse.case
2021-11-11 18:48:09,130 INFO scheduler Scheduled Job Complete: frappe.integrations.doctype.razorpay_settings.razorpay_settings.capture_payment for erpnextuse.case
2021-11-11 18:48:09,211 INFO scheduler Scheduled Job Start: frappe.email.doctype.email_account.email_account.notify_unreplied for erpnextuse.case
2021-11-11 18:48:09,499 INFO scheduler Scheduled Job Complete: frappe.email.doctype.email_account.email_account.notify_unreplied for erpnextuse.case
2021-11-11 18:48:09,583 INFO scheduler Scheduled Job Start: frappe.email.doctype.email_account.email_account.pull for erpnextuse.case
2021-11-11 18:48:09,889 INFO scheduler Scheduled Job Complete: frappe.email.doctype.email_account.email_account.pull for erpnextuse.case
2021-11-11 18:48:09,974 INFO scheduler Scheduled Job Start: frappe.email.queue.flush for erpnextuse.case
2021-11-11 18:48:10,173 INFO scheduler Scheduled Job Complete: frappe.email.queue.flush for erpnextuse.case
2021-11-11 18:49:07,136 DEBUG scheduler Queued events for site erpnextuse.case
2021-11-11 18:50:07,601 DEBUG scheduler Queued events for site erpnextuse.case
2021-11-11 18:51:08,093 DEBUG scheduler Queued events for site erpnextuse.case
2021-11-11 18:52:08,573 INFO scheduler Scheduled Job Start: erpnext.crm.doctype.social_media_post.social_media_post.process_scheduled_social_media_posts for erpnextuse.case
2021-11-11 18:52:08,651 DEBUG scheduler Queued events for site erpnextuse.case
2021-11-11 18:52:08,903 INFO scheduler Scheduled Job Complete: erpnext.crm.doctype.social_media_post.social_media_post.process_scheduled_social_media_posts for erpnextuse.case
2021-11-11 18:52:08,980 INFO scheduler Scheduled Job Start: erpnext.hr.doctype.interview.interview.send_interview_reminder for erpnextuse.case
2021-11-11 18:52:09,214 INFO scheduler Scheduled Job Complete: erpnext.hr.doctype.interview.interview.send_interview_reminder for erpnextuse.case
2021-11-11 18:52:09,298 INFO scheduler Scheduled Job Start: erpnext.healthcare.doctype.patient_appointment.patient_appointment.send_appointment_reminder for erpnextuse.case
2021-11-11 18:52:09,499 INFO scheduler Scheduled Job Complete: erpnext.healthcare.doctype.patient_appointment.patient_appointment.send_appointment_reminder for erpnextuse.case
2021-11-11 18:52:09,585 INFO scheduler Scheduled Job Start: erpnext.projects.doctype.project.project.project_status_update_reminder for erpnextuse.case
2021-11-11 18:52:09,954 INFO scheduler Scheduled Job Complete: erpnext.projects.doctype.project.project.project_status_update_reminder for erpnextuse.case
2021-11-11 18:52:10,033 INFO scheduler Scheduled Job Start: frappe.monitor.flush for erpnextuse.case
2021-11-11 18:52:10,222 INFO scheduler Scheduled Job Complete: frappe.monitor.flush for erpnextuse.case
2021-11-11 18:52:10,302 INFO scheduler Scheduled Job Start: frappe.utils.global_search.sync_global_search for erpnextuse.case
2021-11-11 18:52:10,499 INFO scheduler Scheduled Job Complete: frappe.utils.global_search.sync_global_search for erpnextuse.case
2021-11-11 18:52:10,575 INFO scheduler Scheduled Job Start: frappe.integrations.doctype.razorpay_settings.razorpay_settings.capture_payment for erpnextuse.case
2021-11-11 18:52:10,907 INFO scheduler Scheduled Job Complete: frappe.integrations.doctype.razorpay_settings.razorpay_settings.capture_payment for erpnextuse.case
2021-11-11 18:52:10,989 INFO scheduler Scheduled Job Start: frappe.email.doctype.email_account.email_account.notify_unreplied for erpnextuse.case
2021-11-11 18:52:11,249 INFO scheduler Scheduled Job Complete: frappe.email.doctype.email_account.email_account.notify_unreplied for erpnextuse.case
2021-11-11 18:52:11,328 INFO scheduler Scheduled Job Start: frappe.email.doctype.email_account.email_account.pull for erpnextuse.case
2021-11-11 18:52:11,647 INFO scheduler Scheduled Job Complete: frappe.email.doctype.email_account.email_account.pull for erpnextuse.case
2021-11-11 18:52:11,726 INFO scheduler Scheduled Job Start: frappe.email.queue.flush for erpnextuse.case
2021-11-11 18:52:11,928 INFO scheduler Scheduled Job Complete: frappe.email.queue.flush for erpnextuse.case
