2021-10-28 14:05:03,601 DEBUG scheduler Queued events for site projectmanagement.sys
2021-10-28 14:06:04,081 DEBUG scheduler Queued events for site projectmanagement.sys
2021-10-28 14:07:04,517 DEBUG scheduler Queued events for site projectmanagement.sys
2021-10-28 14:08:05,116 DEBUG scheduler Queued events for site projectmanagement.sys
2021-10-28 14:08:08,345 INFO scheduler Scheduled Job Start: frappe.monitor.flush for projectmanagement.sys
2021-10-28 14:08:08,543 INFO scheduler Scheduled Job Complete: frappe.monitor.flush for projectmanagement.sys
2021-10-28 14:08:08,635 INFO scheduler Scheduled Job Start: frappe.utils.global_search.sync_global_search for projectmanagement.sys
2021-10-28 14:08:08,845 INFO scheduler Scheduled Job Complete: frappe.utils.global_search.sync_global_search for projectmanagement.sys
2021-10-28 14:08:08,940 INFO scheduler Scheduled Job Start: frappe.integrations.doctype.razorpay_settings.razorpay_settings.capture_payment for projectmanagement.sys
2021-10-28 14:08:09,311 INFO scheduler Scheduled Job Complete: frappe.integrations.doctype.razorpay_settings.razorpay_settings.capture_payment for projectmanagement.sys
2021-10-28 14:08:09,389 INFO scheduler Scheduled Job Start: frappe.email.doctype.email_account.email_account.notify_unreplied for projectmanagement.sys
2021-10-28 14:08:09,683 INFO scheduler Scheduled Job Complete: frappe.email.doctype.email_account.email_account.notify_unreplied for projectmanagement.sys
2021-10-28 14:08:09,776 INFO scheduler Scheduled Job Start: frappe.email.doctype.email_account.email_account.pull for projectmanagement.sys
2021-10-28 14:08:10,072 INFO scheduler Scheduled Job Complete: frappe.email.doctype.email_account.email_account.pull for projectmanagement.sys
2021-10-28 14:08:10,178 INFO scheduler Scheduled Job Start: frappe.email.queue.flush for projectmanagement.sys
2021-10-28 14:08:10,391 INFO scheduler Scheduled Job Complete: frappe.email.queue.flush for projectmanagement.sys
2021-10-28 14:09:05,502 DEBUG scheduler Queued events for site projectmanagement.sys
2021-10-28 14:10:05,887 DEBUG scheduler Queued events for site projectmanagement.sys
2021-10-28 14:11:06,452 DEBUG scheduler Queued events for site projectmanagement.sys
2021-10-28 14:12:07,114 DEBUG scheduler Queued events for site projectmanagement.sys
2021-10-28 14:12:10,186 INFO scheduler Scheduled Job Start: frappe.monitor.flush for projectmanagement.sys
2021-10-28 14:12:10,401 INFO scheduler Scheduled Job Complete: frappe.monitor.flush for projectmanagement.sys
2021-10-28 14:12:10,492 INFO scheduler Scheduled Job Start: frappe.utils.global_search.sync_global_search for projectmanagement.sys
2021-10-28 14:12:10,695 INFO scheduler Scheduled Job Complete: frappe.utils.global_search.sync_global_search for projectmanagement.sys
2021-10-28 14:12:10,787 INFO scheduler Scheduled Job Start: frappe.integrations.doctype.razorpay_settings.razorpay_settings.capture_payment for projectmanagement.sys
2021-10-28 14:12:11,099 INFO scheduler Scheduled Job Complete: frappe.integrations.doctype.razorpay_settings.razorpay_settings.capture_payment for projectmanagement.sys
2021-10-28 14:12:11,176 INFO scheduler Scheduled Job Start: frappe.email.doctype.email_account.email_account.notify_unreplied for projectmanagement.sys
2021-10-28 14:12:11,466 INFO scheduler Scheduled Job Complete: frappe.email.doctype.email_account.email_account.notify_unreplied for projectmanagement.sys
2021-10-28 14:12:11,560 INFO scheduler Scheduled Job Start: frappe.email.doctype.email_account.email_account.pull for projectmanagement.sys
2021-10-28 14:12:11,856 INFO scheduler Scheduled Job Complete: frappe.email.doctype.email_account.email_account.pull for projectmanagement.sys
2021-10-28 14:12:11,949 INFO scheduler Scheduled Job Start: frappe.email.queue.flush for projectmanagement.sys
2021-10-28 14:12:12,159 INFO scheduler Scheduled Job Complete: frappe.email.queue.flush for projectmanagement.sys
2021-10-28 14:13:07,580 DEBUG scheduler Queued events for site projectmanagement.sys
2021-10-28 14:14:08,141 DEBUG scheduler Queued events for site projectmanagement.sys
2021-10-28 14:15:08,622 DEBUG scheduler Queued events for site projectmanagement.sys
2021-10-28 14:15:09,723 INFO scheduler Scheduled Job Start: frappe.twofactor.delete_all_barcodes_for_users for projectmanagement.sys
2021-10-28 14:15:10,098 INFO scheduler Scheduled Job Complete: frappe.twofactor.delete_all_barcodes_for_users for projectmanagement.sys
2021-10-28 14:15:10,194 INFO scheduler Scheduled Job Start: frappe.website.doctype.web_page.web_page.check_publish_status for projectmanagement.sys
2021-10-28 14:15:10,608 INFO scheduler Scheduled Job Complete: frappe.website.doctype.web_page.web_page.check_publish_status for projectmanagement.sys
2021-10-28 14:15:10,720 INFO scheduler Scheduled Job Start: frappe.oauth.delete_oauth2_data for projectmanagement.sys
2021-10-28 14:15:11,094 INFO scheduler Scheduled Job Complete: frappe.oauth.delete_oauth2_data for projectmanagement.sys
2021-10-28 14:16:09,343 DEBUG scheduler Queued events for site projectmanagement.sys
2021-10-28 14:16:13,155 INFO scheduler Scheduled Job Start: frappe.monitor.flush for projectmanagement.sys
2021-10-28 14:16:13,369 INFO scheduler Scheduled Job Complete: frappe.monitor.flush for projectmanagement.sys
2021-10-28 14:16:13,484 INFO scheduler Scheduled Job Start: frappe.utils.global_search.sync_global_search for projectmanagement.sys
2021-10-28 14:16:13,692 INFO scheduler Scheduled Job Complete: frappe.utils.global_search.sync_global_search for projectmanagement.sys
2021-10-28 14:16:13,773 INFO scheduler Scheduled Job Start: frappe.integrations.doctype.razorpay_settings.razorpay_settings.capture_payment for projectmanagement.sys
2021-10-28 14:16:14,198 INFO scheduler Scheduled Job Complete: frappe.integrations.doctype.razorpay_settings.razorpay_settings.capture_payment for projectmanagement.sys
2021-10-28 14:16:14,295 INFO scheduler Scheduled Job Start: frappe.email.doctype.email_account.email_account.notify_unreplied for projectmanagement.sys
2021-10-28 14:16:14,618 INFO scheduler Scheduled Job Complete: frappe.email.doctype.email_account.email_account.notify_unreplied for projectmanagement.sys
2021-10-28 14:16:14,741 INFO scheduler Scheduled Job Start: frappe.email.doctype.email_account.email_account.pull for projectmanagement.sys
2021-10-28 14:16:15,018 INFO scheduler Scheduled Job Complete: frappe.email.doctype.email_account.email_account.pull for projectmanagement.sys
2021-10-28 14:16:15,101 INFO scheduler Scheduled Job Start: frappe.email.queue.flush for projectmanagement.sys
2021-10-28 14:16:15,301 INFO scheduler Scheduled Job Complete: frappe.email.queue.flush for projectmanagement.sys
2021-10-28 14:17:10,002 DEBUG scheduler Queued events for site projectmanagement.sys
2021-10-28 14:18:10,455 DEBUG scheduler Queued events for site projectmanagement.sys
2021-10-28 14:19:10,909 DEBUG scheduler Queued events for site projectmanagement.sys
2021-10-28 14:20:11,599 DEBUG scheduler Queued events for site projectmanagement.sys
2021-10-28 14:20:15,520 INFO scheduler Scheduled Job Start: frappe.monitor.flush for projectmanagement.sys
2021-10-28 14:20:15,867 INFO scheduler Scheduled Job Complete: frappe.monitor.flush for projectmanagement.sys
2021-10-28 14:20:15,989 INFO scheduler Scheduled Job Start: frappe.utils.global_search.sync_global_search for projectmanagement.sys
2021-10-28 14:20:16,272 INFO scheduler Scheduled Job Complete: frappe.utils.global_search.sync_global_search for projectmanagement.sys
2021-10-28 14:20:16,400 INFO scheduler Scheduled Job Start: frappe.integrations.doctype.razorpay_settings.razorpay_settings.capture_payment for projectmanagement.sys
2021-10-28 14:20:16,754 INFO scheduler Scheduled Job Complete: frappe.integrations.doctype.razorpay_settings.razorpay_settings.capture_payment for projectmanagement.sys
2021-10-28 14:20:16,845 INFO scheduler Scheduled Job Start: frappe.email.doctype.email_account.email_account.notify_unreplied for projectmanagement.sys
2021-10-28 14:20:17,312 INFO scheduler Scheduled Job Complete: frappe.email.doctype.email_account.email_account.notify_unreplied for projectmanagement.sys
2021-10-28 14:20:17,445 INFO scheduler Scheduled Job Start: frappe.email.doctype.email_account.email_account.pull for projectmanagement.sys
2021-10-28 14:20:18,040 INFO scheduler Scheduled Job Complete: frappe.email.doctype.email_account.email_account.pull for projectmanagement.sys
2021-10-28 14:20:18,267 INFO scheduler Scheduled Job Start: frappe.email.queue.flush for projectmanagement.sys
2021-10-28 14:20:18,614 INFO scheduler Scheduled Job Complete: frappe.email.queue.flush for projectmanagement.sys
2021-10-28 14:21:12,079 DEBUG scheduler Queued events for site projectmanagement.sys
2021-10-28 14:22:12,468 DEBUG scheduler Queued events for site projectmanagement.sys
2021-10-28 14:23:12,871 DEBUG scheduler Queued events for site projectmanagement.sys
2021-10-28 14:24:13,400 DEBUG scheduler Queued events for site projectmanagement.sys
2021-10-28 14:24:17,412 INFO scheduler Scheduled Job Start: frappe.monitor.flush for projectmanagement.sys
2021-10-28 14:24:17,619 INFO scheduler Scheduled Job Complete: frappe.monitor.flush for projectmanagement.sys
2021-10-28 14:24:17,733 INFO scheduler Scheduled Job Start: frappe.utils.global_search.sync_global_search for projectmanagement.sys
2021-10-28 14:24:17,969 INFO scheduler Scheduled Job Complete: frappe.utils.global_search.sync_global_search for projectmanagement.sys
2021-10-28 14:24:18,104 INFO scheduler Scheduled Job Start: frappe.integrations.doctype.razorpay_settings.razorpay_settings.capture_payment for projectmanagement.sys
2021-10-28 14:24:18,557 INFO scheduler Scheduled Job Complete: frappe.integrations.doctype.razorpay_settings.razorpay_settings.capture_payment for projectmanagement.sys
2021-10-28 14:24:18,652 INFO scheduler Scheduled Job Start: frappe.email.doctype.email_account.email_account.notify_unreplied for projectmanagement.sys
2021-10-28 14:24:18,950 INFO scheduler Scheduled Job Complete: frappe.email.doctype.email_account.email_account.notify_unreplied for projectmanagement.sys
2021-10-28 14:24:19,049 INFO scheduler Scheduled Job Start: frappe.email.doctype.email_account.email_account.pull for projectmanagement.sys
2021-10-28 14:24:19,371 INFO scheduler Scheduled Job Complete: frappe.email.doctype.email_account.email_account.pull for projectmanagement.sys
2021-10-28 14:24:19,464 INFO scheduler Scheduled Job Start: frappe.email.queue.flush for projectmanagement.sys
2021-10-28 14:24:19,685 INFO scheduler Scheduled Job Complete: frappe.email.queue.flush for projectmanagement.sys
2021-10-28 14:25:13,803 DEBUG scheduler Queued events for site projectmanagement.sys
2021-10-28 14:26:14,205 DEBUG scheduler Queued events for site projectmanagement.sys
2021-10-28 14:27:14,686 DEBUG scheduler Queued events for site projectmanagement.sys
2021-10-28 14:28:15,200 DEBUG scheduler Queued events for site projectmanagement.sys
2021-10-28 14:28:18,762 INFO scheduler Scheduled Job Start: frappe.monitor.flush for projectmanagement.sys
2021-10-28 14:28:18,941 INFO scheduler Scheduled Job Complete: frappe.monitor.flush for projectmanagement.sys
2021-10-28 14:28:19,021 INFO scheduler Scheduled Job Start: frappe.utils.global_search.sync_global_search for projectmanagement.sys
2021-10-28 14:28:19,206 INFO scheduler Scheduled Job Complete: frappe.utils.global_search.sync_global_search for projectmanagement.sys
2021-10-28 14:28:19,297 INFO scheduler Scheduled Job Start: frappe.integrations.doctype.razorpay_settings.razorpay_settings.capture_payment for projectmanagement.sys
2021-10-28 14:28:19,736 INFO scheduler Scheduled Job Complete: frappe.integrations.doctype.razorpay_settings.razorpay_settings.capture_payment for projectmanagement.sys
2021-10-28 14:28:19,850 INFO scheduler Scheduled Job Start: frappe.email.doctype.email_account.email_account.notify_unreplied for projectmanagement.sys
2021-10-28 14:28:20,141 INFO scheduler Scheduled Job Complete: frappe.email.doctype.email_account.email_account.notify_unreplied for projectmanagement.sys
2021-10-28 14:28:20,223 INFO scheduler Scheduled Job Start: frappe.email.doctype.email_account.email_account.pull for projectmanagement.sys
2021-10-28 14:28:20,638 INFO scheduler Scheduled Job Complete: frappe.email.doctype.email_account.email_account.pull for projectmanagement.sys
2021-10-28 14:28:20,776 INFO scheduler Scheduled Job Start: frappe.email.queue.flush for projectmanagement.sys
2021-10-28 14:28:21,088 INFO scheduler Scheduled Job Complete: frappe.email.queue.flush for projectmanagement.sys
2021-10-28 14:29:15,662 DEBUG scheduler Queued events for site projectmanagement.sys
2021-10-28 14:30:16,264 DEBUG scheduler Queued events for site projectmanagement.sys
2021-10-28 14:30:18,118 INFO scheduler Scheduled Job Start: frappe.twofactor.delete_all_barcodes_for_users for projectmanagement.sys
2021-10-28 14:30:18,859 INFO scheduler Scheduled Job Complete: frappe.twofactor.delete_all_barcodes_for_users for projectmanagement.sys
2021-10-28 14:30:19,008 INFO scheduler Scheduled Job Start: frappe.website.doctype.web_page.web_page.check_publish_status for projectmanagement.sys
2021-10-28 14:30:19,584 INFO scheduler Scheduled Job Complete: frappe.website.doctype.web_page.web_page.check_publish_status for projectmanagement.sys
2021-10-28 14:30:19,710 INFO scheduler Scheduled Job Start: frappe.oauth.delete_oauth2_data for projectmanagement.sys
2021-10-28 14:30:20,346 INFO scheduler Scheduled Job Complete: frappe.oauth.delete_oauth2_data for projectmanagement.sys
2021-10-28 14:31:16,771 DEBUG scheduler Queued events for site projectmanagement.sys
2021-10-28 14:32:17,332 DEBUG scheduler Queued events for site projectmanagement.sys
2021-10-28 14:32:21,081 INFO scheduler Scheduled Job Start: frappe.monitor.flush for projectmanagement.sys
2021-10-28 14:32:21,353 INFO scheduler Scheduled Job Complete: frappe.monitor.flush for projectmanagement.sys
2021-10-28 14:32:21,445 INFO scheduler Scheduled Job Start: frappe.utils.global_search.sync_global_search for projectmanagement.sys
2021-10-28 14:32:21,664 INFO scheduler Scheduled Job Complete: frappe.utils.global_search.sync_global_search for projectmanagement.sys
2021-10-28 14:32:21,744 INFO scheduler Scheduled Job Start: frappe.integrations.doctype.razorpay_settings.razorpay_settings.capture_payment for projectmanagement.sys
2021-10-28 14:32:22,122 INFO scheduler Scheduled Job Complete: frappe.integrations.doctype.razorpay_settings.razorpay_settings.capture_payment for projectmanagement.sys
2021-10-28 14:32:22,349 INFO scheduler Scheduled Job Start: frappe.email.doctype.email_account.email_account.notify_unreplied for projectmanagement.sys
2021-10-28 14:32:22,921 INFO scheduler Scheduled Job Complete: frappe.email.doctype.email_account.email_account.notify_unreplied for projectmanagement.sys
2021-10-28 14:32:23,111 INFO scheduler Scheduled Job Start: frappe.email.doctype.email_account.email_account.pull for projectmanagement.sys
2021-10-28 14:32:23,646 INFO scheduler Scheduled Job Complete: frappe.email.doctype.email_account.email_account.pull for projectmanagement.sys
2021-10-28 14:32:23,794 INFO scheduler Scheduled Job Start: frappe.email.queue.flush for projectmanagement.sys
2021-10-28 14:32:24,097 INFO scheduler Scheduled Job Complete: frappe.email.queue.flush for projectmanagement.sys
2021-10-28 14:33:17,805 DEBUG scheduler Queued events for site projectmanagement.sys
2021-10-28 14:34:18,269 DEBUG scheduler Queued events for site projectmanagement.sys
2021-10-28 14:35:18,680 DEBUG scheduler Queued events for site projectmanagement.sys
2021-10-28 14:36:19,555 DEBUG scheduler Queued events for site projectmanagement.sys
2021-10-28 14:36:23,845 INFO scheduler Scheduled Job Start: frappe.monitor.flush for projectmanagement.sys
2021-10-28 14:36:24,046 INFO scheduler Scheduled Job Complete: frappe.monitor.flush for projectmanagement.sys
2021-10-28 14:36:24,149 INFO scheduler Scheduled Job Start: frappe.utils.global_search.sync_global_search for projectmanagement.sys
2021-10-28 14:36:24,390 INFO scheduler Scheduled Job Complete: frappe.utils.global_search.sync_global_search for projectmanagement.sys
2021-10-28 14:36:24,499 INFO scheduler Scheduled Job Start: frappe.integrations.doctype.razorpay_settings.razorpay_settings.capture_payment for projectmanagement.sys
2021-10-28 14:36:24,886 INFO scheduler Scheduled Job Complete: frappe.integrations.doctype.razorpay_settings.razorpay_settings.capture_payment for projectmanagement.sys
2021-10-28 14:36:25,001 INFO scheduler Scheduled Job Start: frappe.email.doctype.email_account.email_account.notify_unreplied for projectmanagement.sys
2021-10-28 14:36:25,311 INFO scheduler Scheduled Job Complete: frappe.email.doctype.email_account.email_account.notify_unreplied for projectmanagement.sys
2021-10-28 14:36:25,425 INFO scheduler Scheduled Job Start: frappe.email.doctype.email_account.email_account.pull for projectmanagement.sys
2021-10-28 14:36:25,835 INFO scheduler Scheduled Job Complete: frappe.email.doctype.email_account.email_account.pull for projectmanagement.sys
2021-10-28 14:36:25,963 INFO scheduler Scheduled Job Start: frappe.email.queue.flush for projectmanagement.sys
2021-10-28 14:36:26,279 INFO scheduler Scheduled Job Complete: frappe.email.queue.flush for projectmanagement.sys
2021-10-28 14:37:19,973 DEBUG scheduler Queued events for site projectmanagement.sys
2021-10-28 14:38:20,361 DEBUG scheduler Queued events for site projectmanagement.sys
2021-10-28 14:39:20,751 DEBUG scheduler Queued events for site projectmanagement.sys
2021-10-28 14:40:21,358 DEBUG scheduler Queued events for site projectmanagement.sys
2021-10-28 14:40:25,328 INFO scheduler Scheduled Job Start: frappe.monitor.flush for projectmanagement.sys
2021-10-28 14:40:25,619 INFO scheduler Scheduled Job Complete: frappe.monitor.flush for projectmanagement.sys
2021-10-28 14:40:25,749 INFO scheduler Scheduled Job Start: frappe.utils.global_search.sync_global_search for projectmanagement.sys
2021-10-28 14:40:25,965 INFO scheduler Scheduled Job Complete: frappe.utils.global_search.sync_global_search for projectmanagement.sys
2021-10-28 14:40:26,050 INFO scheduler Scheduled Job Start: frappe.integrations.doctype.razorpay_settings.razorpay_settings.capture_payment for projectmanagement.sys
2021-10-28 14:40:26,491 INFO scheduler Scheduled Job Complete: frappe.integrations.doctype.razorpay_settings.razorpay_settings.capture_payment for projectmanagement.sys
2021-10-28 14:40:26,588 INFO scheduler Scheduled Job Start: frappe.email.doctype.email_account.email_account.notify_unreplied for projectmanagement.sys
2021-10-28 14:40:27,000 INFO scheduler Scheduled Job Complete: frappe.email.doctype.email_account.email_account.notify_unreplied for projectmanagement.sys
2021-10-28 14:40:27,094 INFO scheduler Scheduled Job Start: frappe.email.doctype.email_account.email_account.pull for projectmanagement.sys
2021-10-28 14:40:27,405 INFO scheduler Scheduled Job Complete: frappe.email.doctype.email_account.email_account.pull for projectmanagement.sys
2021-10-28 14:40:27,498 INFO scheduler Scheduled Job Start: frappe.email.queue.flush for projectmanagement.sys
2021-10-28 14:40:27,771 INFO scheduler Scheduled Job Complete: frappe.email.queue.flush for projectmanagement.sys
2021-10-28 14:41:21,861 DEBUG scheduler Queued events for site projectmanagement.sys
2021-10-28 14:42:22,253 DEBUG scheduler Queued events for site projectmanagement.sys
2021-10-28 14:43:22,656 DEBUG scheduler Queued events for site projectmanagement.sys
2021-10-28 14:44:23,170 DEBUG scheduler Queued events for site projectmanagement.sys
2021-10-28 14:44:26,991 INFO scheduler Scheduled Job Start: frappe.monitor.flush for projectmanagement.sys
2021-10-28 14:44:27,198 INFO scheduler Scheduled Job Complete: frappe.monitor.flush for projectmanagement.sys
2021-10-28 14:44:27,299 INFO scheduler Scheduled Job Start: frappe.utils.global_search.sync_global_search for projectmanagement.sys
2021-10-28 14:44:27,592 INFO scheduler Scheduled Job Complete: frappe.utils.global_search.sync_global_search for projectmanagement.sys
2021-10-28 14:44:27,712 INFO scheduler Scheduled Job Start: frappe.integrations.doctype.razorpay_settings.razorpay_settings.capture_payment for projectmanagement.sys
2021-10-28 14:44:28,079 INFO scheduler Scheduled Job Complete: frappe.integrations.doctype.razorpay_settings.razorpay_settings.capture_payment for projectmanagement.sys
2021-10-28 14:44:28,165 INFO scheduler Scheduled Job Start: frappe.email.doctype.email_account.email_account.notify_unreplied for projectmanagement.sys
2021-10-28 14:44:28,430 INFO scheduler Scheduled Job Complete: frappe.email.doctype.email_account.email_account.notify_unreplied for projectmanagement.sys
2021-10-28 14:44:28,533 INFO scheduler Scheduled Job Start: frappe.email.doctype.email_account.email_account.pull for projectmanagement.sys
2021-10-28 14:44:28,961 INFO scheduler Scheduled Job Complete: frappe.email.doctype.email_account.email_account.pull for projectmanagement.sys
2021-10-28 14:44:29,056 INFO scheduler Scheduled Job Start: frappe.email.queue.flush for projectmanagement.sys
2021-10-28 14:44:29,285 INFO scheduler Scheduled Job Complete: frappe.email.queue.flush for projectmanagement.sys
2021-10-28 14:45:23,660 DEBUG scheduler Queued events for site projectmanagement.sys
2021-10-28 14:45:25,202 INFO scheduler Scheduled Job Start: frappe.twofactor.delete_all_barcodes_for_users for projectmanagement.sys
2021-10-28 14:45:25,692 INFO scheduler Scheduled Job Complete: frappe.twofactor.delete_all_barcodes_for_users for projectmanagement.sys
2021-10-28 14:45:25,827 INFO scheduler Scheduled Job Start: frappe.website.doctype.web_page.web_page.check_publish_status for projectmanagement.sys
2021-10-28 14:45:26,445 INFO scheduler Scheduled Job Complete: frappe.website.doctype.web_page.web_page.check_publish_status for projectmanagement.sys
2021-10-28 14:45:26,552 INFO scheduler Scheduled Job Start: frappe.oauth.delete_oauth2_data for projectmanagement.sys
2021-10-28 14:45:27,009 INFO scheduler Scheduled Job Complete: frappe.oauth.delete_oauth2_data for projectmanagement.sys
2021-10-28 14:46:24,118 DEBUG scheduler Queued events for site projectmanagement.sys
2021-10-28 14:47:25,188 DEBUG scheduler Queued events for site projectmanagement.sys
2021-10-28 14:48:25,831 DEBUG scheduler Queued events for site projectmanagement.sys
2021-10-28 14:48:29,612 INFO scheduler Scheduled Job Start: frappe.monitor.flush for projectmanagement.sys
2021-10-28 14:48:29,827 INFO scheduler Scheduled Job Complete: frappe.monitor.flush for projectmanagement.sys
2021-10-28 14:48:29,915 INFO scheduler Scheduled Job Start: frappe.utils.global_search.sync_global_search for projectmanagement.sys
2021-10-28 14:48:30,233 INFO scheduler Scheduled Job Complete: frappe.utils.global_search.sync_global_search for projectmanagement.sys
2021-10-28 14:48:30,393 INFO scheduler Scheduled Job Start: frappe.integrations.doctype.razorpay_settings.razorpay_settings.capture_payment for projectmanagement.sys
2021-10-28 14:48:30,835 INFO scheduler Scheduled Job Complete: frappe.integrations.doctype.razorpay_settings.razorpay_settings.capture_payment for projectmanagement.sys
2021-10-28 14:48:30,932 INFO scheduler Scheduled Job Start: frappe.email.doctype.email_account.email_account.notify_unreplied for projectmanagement.sys
2021-10-28 14:48:31,350 INFO scheduler Scheduled Job Complete: frappe.email.doctype.email_account.email_account.notify_unreplied for projectmanagement.sys
2021-10-28 14:48:31,429 INFO scheduler Scheduled Job Start: frappe.email.doctype.email_account.email_account.pull for projectmanagement.sys
2021-10-28 14:48:31,853 INFO scheduler Scheduled Job Complete: frappe.email.doctype.email_account.email_account.pull for projectmanagement.sys
2021-10-28 14:48:31,995 INFO scheduler Scheduled Job Start: frappe.email.queue.flush for projectmanagement.sys
2021-10-28 14:48:32,271 INFO scheduler Scheduled Job Complete: frappe.email.queue.flush for projectmanagement.sys
2021-10-28 14:49:26,210 DEBUG scheduler Queued events for site projectmanagement.sys
2021-10-28 14:50:26,743 DEBUG scheduler Queued events for site projectmanagement.sys
2021-10-28 14:51:27,219 DEBUG scheduler Queued events for site projectmanagement.sys
2021-10-28 14:52:27,724 DEBUG scheduler Queued events for site projectmanagement.sys
2021-10-28 14:52:31,747 INFO scheduler Scheduled Job Start: frappe.monitor.flush for projectmanagement.sys
2021-10-28 14:52:31,989 INFO scheduler Scheduled Job Complete: frappe.monitor.flush for projectmanagement.sys
2021-10-28 14:52:32,101 INFO scheduler Scheduled Job Start: frappe.utils.global_search.sync_global_search for projectmanagement.sys
2021-10-28 14:52:32,326 INFO scheduler Scheduled Job Complete: frappe.utils.global_search.sync_global_search for projectmanagement.sys
2021-10-28 14:52:32,441 INFO scheduler Scheduled Job Start: frappe.integrations.doctype.razorpay_settings.razorpay_settings.capture_payment for projectmanagement.sys
2021-10-28 14:52:32,811 INFO scheduler Scheduled Job Complete: frappe.integrations.doctype.razorpay_settings.razorpay_settings.capture_payment for projectmanagement.sys
2021-10-28 14:52:32,900 INFO scheduler Scheduled Job Start: frappe.email.doctype.email_account.email_account.notify_unreplied for projectmanagement.sys
2021-10-28 14:52:33,198 INFO scheduler Scheduled Job Complete: frappe.email.doctype.email_account.email_account.notify_unreplied for projectmanagement.sys
2021-10-28 14:52:33,297 INFO scheduler Scheduled Job Start: frappe.email.doctype.email_account.email_account.pull for projectmanagement.sys
2021-10-28 14:52:33,594 INFO scheduler Scheduled Job Complete: frappe.email.doctype.email_account.email_account.pull for projectmanagement.sys
2021-10-28 14:52:33,692 INFO scheduler Scheduled Job Start: frappe.email.queue.flush for projectmanagement.sys
2021-10-28 14:52:34,028 INFO scheduler Scheduled Job Complete: frappe.email.queue.flush for projectmanagement.sys
2021-10-28 14:53:28,298 DEBUG scheduler Queued events for site projectmanagement.sys
2021-10-28 14:54:28,695 DEBUG scheduler Queued events for site projectmanagement.sys
2021-10-28 14:55:29,110 DEBUG scheduler Queued events for site projectmanagement.sys
2021-10-28 14:56:29,728 DEBUG scheduler Queued events for site projectmanagement.sys
2021-10-28 14:56:34,281 INFO scheduler Scheduled Job Start: frappe.monitor.flush for projectmanagement.sys
2021-10-28 14:56:34,479 INFO scheduler Scheduled Job Complete: frappe.monitor.flush for projectmanagement.sys
2021-10-28 14:56:34,584 INFO scheduler Scheduled Job Start: frappe.utils.global_search.sync_global_search for projectmanagement.sys
2021-10-28 14:56:34,798 INFO scheduler Scheduled Job Complete: frappe.utils.global_search.sync_global_search for projectmanagement.sys
2021-10-28 14:56:34,893 INFO scheduler Scheduled Job Start: frappe.integrations.doctype.razorpay_settings.razorpay_settings.capture_payment for projectmanagement.sys
2021-10-28 14:56:35,278 INFO scheduler Scheduled Job Complete: frappe.integrations.doctype.razorpay_settings.razorpay_settings.capture_payment for projectmanagement.sys
2021-10-28 14:56:35,364 INFO scheduler Scheduled Job Start: frappe.email.doctype.email_account.email_account.notify_unreplied for projectmanagement.sys
2021-10-28 14:56:35,744 INFO scheduler Scheduled Job Complete: frappe.email.doctype.email_account.email_account.notify_unreplied for projectmanagement.sys
2021-10-28 14:56:35,874 INFO scheduler Scheduled Job Start: frappe.email.doctype.email_account.email_account.pull for projectmanagement.sys
2021-10-28 14:56:36,300 INFO scheduler Scheduled Job Complete: frappe.email.doctype.email_account.email_account.pull for projectmanagement.sys
2021-10-28 14:56:36,415 INFO scheduler Scheduled Job Start: frappe.email.queue.flush for projectmanagement.sys
2021-10-28 14:56:36,707 INFO scheduler Scheduled Job Complete: frappe.email.queue.flush for projectmanagement.sys
2021-10-28 14:57:30,404 DEBUG scheduler Queued events for site projectmanagement.sys
2021-10-28 14:58:30,940 DEBUG scheduler Queued events for site projectmanagement.sys
2021-10-28 14:59:31,373 DEBUG scheduler Queued events for site projectmanagement.sys
